2020-06-22 18:11:55,750 DEBUG [Finalizer] PoolingHttpClientConnectionManager:394 - Connection manager is shutting down
2020-06-22 18:11:55,760 DEBUG [Finalizer] PoolingHttpClientConnectionManager:400 - Connection manager shut down
2020-06-22 18:14:16,514 DEBUG [Finalizer] PoolingHttpClientConnectionManager:394 - Connection manager is shutting down
2020-06-22 18:14:16,515 DEBUG [Finalizer] PoolingHttpClientConnectionManager:400 - Connection manager shut down
2020-06-22 18:14:16,519 DEBUG [Finalizer] PoolingHttpClientConnectionManager:394 - Connection manager is shutting down
2020-06-22 18:14:16,520 DEBUG [Finalizer] PoolingHttpClientConnectionManager:400 - Connection manager shut down
2020-06-22 18:17:15,914 DEBUG [Finalizer] PoolingHttpClientConnectionManager:394 - Connection manager is shutting down
2020-06-22 18:17:15,929 DEBUG [Finalizer] PoolingHttpClientConnectionManager:400 - Connection manager shut down
2020-06-22 18:17:15,933 DEBUG [Finalizer] PoolingHttpClientConnectionManager:394 - Connection manager is shutting down
2020-06-22 18:17:15,935 DEBUG [Finalizer] PoolingHttpClientConnectionManager:400 - Connection manager shut down
2020-06-22 18:17:15,942 DEBUG [Finalizer] PoolingHttpClientConnectionManager:394 - Connection manager is shutting down
2020-06-22 18:17:15,942 DEBUG [Finalizer] PoolingHttpClientConnectionManager:400 - Connection manager shut down
2020-06-22 18:18:44,375 DEBUG [Finalizer] PoolingHttpClientConnectionManager:394 - Connection manager is shutting down
2020-06-22 18:18:44,376 DEBUG [Finalizer] PoolingHttpClientConnectionManager:400 - Connection manager shut down
2020-06-22 18:18:45,003 DEBUG [main] cache:45 - Couldn't find template in cache for "Extent.ftl"("en_US", UTF-8, parsed); will try to load it.
2020-06-22 18:18:45,008 DEBUG [main] cache:45 - TemplateLoader.findTemplateSource("Extent_en_US.ftl"): Not found
2020-06-22 18:18:45,016 DEBUG [main] cache:45 - TemplateLoader.findTemplateSource("Extent_en.ftl"): Not found
2020-06-22 18:18:45,020 DEBUG [main] cache:45 - TemplateLoader.findTemplateSource("Extent.ftl"): Found
2020-06-22 18:18:45,021 DEBUG [main] cache:45 - Loading template for "Extent.ftl"("en_US", UTF-8, parsed) from "jar:file:/C:/Users/vicky/.m2/repository/com/relevantcodes/extentreports/2.41.2/extentreports-2.41.2.jar!/com/relevantcodes/extentreports/view/Extent.ftl"
2020-06-22 18:18:45,954 DEBUG [main] cache:45 - Couldn't find template in cache for "Extent.ftl"("en_US", UTF-8, parsed); will try to load it.
2020-06-22 18:18:45,955 DEBUG [main] cache:45 - TemplateLoader.findTemplateSource("Extent_en_US.ftl"): Not found
2020-06-22 18:18:45,956 DEBUG [main] cache:45 - TemplateLoader.findTemplateSource("Extent_en.ftl"): Not found
2020-06-22 18:18:45,957 DEBUG [main] cache:45 - TemplateLoader.findTemplateSource("Extent.ftl"): Found
2020-06-22 18:18:45,957 DEBUG [main] cache:45 - Loading template for "Extent.ftl"("en_US", UTF-8, parsed) from "jar:file:/C:/Users/vicky/.m2/repository/com/relevantcodes/extentreports/2.41.2/extentreports-2.41.2.jar!/com/relevantcodes/extentreports/view/Extent.ftl"
